{ Using PSTWRITER 17.2.0 d001Feb-08-2020 at 20:29:51 }

#1 WARNING(ORCAP-36038): "No_connect" property on Pin "U18.4" ignored for U18: MAIN, 04 POWER (243.84, 66.04). Connecting pin to net "N17310198".
#2 WARNING(ORCAP-36038): "No_connect" property on Pin "U2.17" ignored for U2: MAIN, 03 MCU (73.66, 25.40). Connecting pin to net "SPI1_CLK".
#3 WARNING(ORCAP-36038): "No_connect" property on Pin "U2.16" ignored for U2: MAIN, 03 MCU (73.66, 25.40). Connecting pin to net "SPI1_MOSI".
#4 WARNING(ORCAP-36038): "No_connect" property on Pin "U2.15" ignored for U2: MAIN, 03 MCU (73.66, 25.40). Connecting pin to net "SPI1_MISO".
#5 WARNING(ORCAP-36038): "No_connect" property on Pin "U2.18" ignored for U2: MAIN, 03 MCU (73.66, 25.40). Connecting pin to net "SPI1_CS1".
#6 WARNING(ORCAP-36038): "No_connect" property on Pin "U2.4" ignored for U2: MAIN, 03 MCU (73.66, 25.40). Connecting pin to net "I2C_SDA".
#7 WARNING(ORCAP-36038): "No_connect" property on Pin "U2.5" ignored for U2: MAIN, 03 MCU (73.66, 25.40). Connecting pin to net "I2C_SCL".
#8 WARNING(ORCAP-36038): "No_connect" property on Pin "U1.5" ignored for U1: MAIN, 03 MCU (297.18, 190.50). Connecting pin to net "VCC_3.3V".
#9 WARNING(ORCAP-36038): "No_connect" property on Pin "U1.6" ignored for U1: MAIN, 03 MCU (297.18, 190.50). Connecting pin to net "VCC_3.3V".
#10 WARNING(ORCAP-36038): "No_connect" property on Pin "U19.4" ignored for U19: MAIN, 04 POWER (243.84, 119.38). Connecting pin to net "N17313285".
#11 WARNING(ORCAP-36038): "No_connect" property on Pin "IPX1.3" ignored for IPX1: MAIN, 03 MCU (177.80, 193.04). Connecting pin to net "GND".
#12 WARNING(ORCAP-36038): "No_connect" property on Pin "U1.2" ignored for U1: MAIN, 03 MCU (297.18, 190.50). Connecting pin to net "GND".
#13 WARNING(ORCAP-36038): "No_connect" property on Pin "U2.14" ignored for U2: MAIN, 03 MCU (73.66, 25.40). Connecting pin to net "SPI1_CS0".
#14 WARNING(ORCAP-36006): Part Name "CONN RCPT 7_CN1X7-2P54-Z_CN1X7-2P54-Z" is renamed to "CONN RCPT 7_CN1X7-2P54-Z_CN1X7-".
#15 WARNING(ORCAP-36006): Part Name "IND_BEAD_0805_600OHM_1_L3015_SWPA3015S2R2MT" is renamed to "IND_BEAD_0805_600OHM_1_L3015_SW".
#16 WARNING(ORCAP-36006): Part Name "IND_BEAD_0805_600OHM_1_L0805_BLM21PG600" is renamed to "IND_BEAD_0805_600OHM_1_L0805_BL".
#17 WARNING(ORCAP-36006): Part Name "MARKPOINT_MARKPOINT_R3_MARKPOINT/NI" is renamed to "MARKPOINT_MARKPOINT_R3_MARKPOIN".
#18 WARNING(ORCAP-36006): Part Name "SW PUSHBUTTON_0_KEY-2P-SMD-6R2X3R8X2R5_KEY" is renamed to "SW PUSHBUTTON_0_KEY-2P-SMD-6R2X".
#19 WARNING(ORCAP-36006): Part Name "TESTPOINT_SMD5R0X3R0_SMD5R0X3R0/NI" is renamed to "TESTPOINT_SMD5R0X3R0_SMD5R0X3R0".
#20 WARNING(ORCAP-36006): Part Name "MCP79412-I/SN_SOIC8_MCP79412-I/SN" is renamed to "MCP79412-I/SN_SOIC8_MCP79412-I/".
#21 WARNING(ORCAP-36006): Part Name "ADXL357BEZ_LCC14-6X6X1R27_ADXL357BEZ" is renamed to "ADXL357BEZ_LCC14-6X6X1R27_ADXL3".
#22 WARNING(ORCAP-36006): Part Name "TPS22860DBVR_SOT23-6_TPS22860DBVR" is renamed to "TPS22860DBVR_SOT23-6_TPS22860DB".
#23 WARNING(ORCAP-36006): Part Name "ADF70233ADUCM4050_ADF70233ADUCM4050_ADF70233ADUCM4050" is renamed to "ADF70233ADUCM4050_ADF70233ADUCM".
#24 WARNING(ORCAP-36006): Part Name "TPS62742DSSR_WSON12-3R0X2R0X0R5-2R0X0R9_TPS62742DSSR" is renamed to "TPS62742DSSR_WSON12-3R0X2R0X0R5".
#25 WARNING(ORCAP-36006): Part Name "HY_IMU_V10A_HY_IMU_V10A_HY_IMU_V10A" is renamed to "HY_IMU_V10A_HY_IMU_V10A_HY_IMU_".
#26 WARNING(ORCAP-36006): Part Name "ADM8614Y263ACBZ-R7_0_WLCSP6_ADM8614Y263ACBZ-R7" is renamed to "ADM8614Y263ACBZ-R7_0_WLCSP6_ADM".
#27 WARNING(ORCAP-36006): Part Name "XTAL_5032_0_X-2P-3R2X1R5-SMD_ABS07-32.768KHZ-6-T" is renamed to "XTAL_5032_0_X-2P-3R2X1R5-SMD_AB".
INFO(ORCAP-36080): Scanning netlist files ...

Loading... H:\hyoc\HYOC-temp\HY_DDDW_V10B\SCH\allegro/pstchip.dat

Loading... H:\hyoc\HYOC-temp\HY_DDDW_V10B\SCH\allegro/pstchip.dat

Loading... H:\hyoc\HYOC-temp\HY_DDDW_V10B\SCH\allegro/pstchip.dat

Loading... H:\hyoc\HYOC-temp\HY_DDDW_V10B\SCH\allegro/pstxnet.dat
packaging the design view...