{ Using PSTWRITER 17.2.0 d001Jul-21-2018 at 17:56:13 }

#1 WARNING(ORCAP-36038): "No_connect" property on Pin "U1.128" ignored for U1: MAIN, 03 MCU (147.32, 71.12). Connecting pin to net "CS".
#2 WARNING(ORCAP-36038): "No_connect" property on Pin "U1.77" ignored for U1: MAIN, 03 MCU (147.32, 71.12). Connecting pin to net "RS".
#3 WARNING(ORCAP-36038): "No_connect" property on Pin "U1.126" ignored for U1: MAIN, 03 MCU (147.32, 71.12). Connecting pin to net "TFT_RESET".
#4 WARNING(ORCAP-36038): "No_connect" property on Pin "U1.47" ignored for U1: MAIN, 03 MCU (147.32, 71.12). Connecting pin to net "CTL_SENSOR".
#5 WARNING(ORCAP-36038): "No_connect" property on Pin "U1.58" ignored for U1: MAIN, 03 MCU (147.32, 71.12). Connecting pin to net "CHARGE_DETECT".
#6 WARNING(ORCAP-36038): "No_connect" property on Pin "U1.141" ignored for U1: MAIN, 03 MCU (147.32, 71.12). Connecting pin to net "TP_DCLK".
#7 WARNING(ORCAP-36038): "No_connect" property on Pin "U1.140" ignored for U1: MAIN, 03 MCU (147.32, 71.12). Connecting pin to net "TP_CS".
#8 WARNING(ORCAP-36038): "No_connect" property on Pin "U1.45" ignored for U1: MAIN, 03 MCU (147.32, 71.12). Connecting pin to net "UART4_TX".
#9 WARNING(ORCAP-36038): "No_connect" property on Pin "U1.46" ignored for U1: MAIN, 03 MCU (147.32, 71.12). Connecting pin to net "UART4_RX".
#10 WARNING(ORCAP-36038): "No_connect" property on Pin "U1.143" ignored for U1: MAIN, 03 MCU (147.32, 71.12). Connecting pin to net "TP_DOUT".
#11 WARNING(ORCAP-36038): "No_connect" property on Pin "U1.125" ignored for U1: MAIN, 03 MCU (147.32, 71.12). Connecting pin to net "TP_IRQ".
#12 WARNING(ORCAP-36038): "No_connect" property on Pin "U1.104" ignored for U1: MAIN, 03 MCU (147.32, 71.12). Connecting pin to net "BL".
#13 WARNING(ORCAP-36038): "No_connect" property on Pin "U1.32" ignored for U1: MAIN, 03 MCU (147.32, 71.12). Connecting pin to net "VDDA3V3".
#14 WARNING(ORCAP-36038): "No_connect" property on Pin "U1.29" ignored for U1: MAIN, 03 MCU (147.32, 71.12). Connecting pin to net "S_VOLT".
#15 WARNING(ORCAP-36038): "No_connect" property on Pin "U1.27" ignored for U1: MAIN, 03 MCU (147.32, 71.12). Connecting pin to net "S_CURR".
#16 WARNING(ORCAP-36038): "No_connect" property on Pin "U1.33" ignored for U1: MAIN, 03 MCU (147.32, 71.12). Connecting pin to net "VSSA".
#17 WARNING(ORCAP-36038): "No_connect" property on Pin "U1.36" ignored for U1: MAIN, 03 MCU (147.32, 71.12). Connecting pin to net "C_VOLT".
#18 WARNING(ORCAP-36038): "No_connect" property on Pin "U1.35" ignored for U1: MAIN, 03 MCU (147.32, 71.12). Connecting pin to net "C_CURR".
#19 WARNING(ORCAP-36038): "No_connect" property on Pin "U1.23" ignored for U1: MAIN, 03 MCU (147.32, 71.12). Connecting pin to net "WORK_VOLT".
#20 WARNING(ORCAP-36038): "No_connect" property on Pin "U1.22" ignored for U1: MAIN, 03 MCU (147.32, 71.12). Connecting pin to net "VCC_3.3V".
#21 WARNING(ORCAP-36038): "No_connect" property on Pin "U1.42" ignored for U1: MAIN, 03 MCU (147.32, 71.12). Connecting pin to net "VCC_3.3V".
#22 WARNING(ORCAP-36038): "No_connect" property on Pin "U2.5" ignored for U2: MAIN, 03 MCU (43.18, 266.70). Connecting pin to net "CLK_50M_MK60".
#23 WARNING(ORCAP-36038): "No_connect" property on Pin "Q17.1" ignored for Q17: MAIN, 06 BAT CHARGE (88.90, 55.88). Connecting pin to net "VMID".
#24 WARNING(ORCAP-36038): "No_connect" property on Pin "Q18.1" ignored for Q18: MAIN, 06 BAT CHARGE (81.28, 106.68). Connecting pin to net "VMID".
#25 WARNING(ORCAP-36038): "No_connect" property on Pin "U1.142" ignored for U1: MAIN, 03 MCU (147.32, 71.12). Connecting pin to net "TP_DIN".
#26 WARNING(ORCAP-36038): "No_connect" property on Pin "U1.109" ignored for U1: MAIN, 03 MCU (147.32, 71.12). Connecting pin to net "UART1_TX".
#27 WARNING(ORCAP-36038): "No_connect" property on Pin "U1.13" ignored for U1: MAIN, 03 MCU (147.32, 71.12). Connecting pin to net "UART5_RD#".
#28 WARNING(ORCAP-36038): "No_connect" property on Pin "Q14.1" ignored for Q14: MAIN, 07 DCDC POWER (317.50, 93.98). Connecting pin to net "N17375717".
#29 WARNING(ORCAP-36038): "No_connect" property on Pin "U1.48" ignored for U1: MAIN, 03 MCU (147.32, 71.12). Connecting pin to net "CTL_CAMERA".
#30 WARNING(ORCAP-36038): "No_connect" property on Pin "U1.96" ignored for U1: MAIN, 03 MCU (147.32, 71.12). Connecting pin to net "FB_AD0".
#31 WARNING(ORCAP-36038): "No_connect" property on Pin "U1.95" ignored for U1: MAIN, 03 MCU (147.32, 71.12). Connecting pin to net "FB_AD1".
#32 WARNING(ORCAP-36038): "No_connect" property on Pin "U1.92" ignored for U1: MAIN, 03 MCU (147.32, 71.12). Connecting pin to net "FB_AD2".
#33 WARNING(ORCAP-36038): "No_connect" property on Pin "U1.91" ignored for U1: MAIN, 03 MCU (147.32, 71.12). Connecting pin to net "FB_AD3".
#34 WARNING(ORCAP-36038): "No_connect" property on Pin "U1.90" ignored for U1: MAIN, 03 MCU (147.32, 71.12). Connecting pin to net "FB_AD4".
#35 WARNING(ORCAP-36038): "No_connect" property on Pin "U1.89" ignored for U1: MAIN, 03 MCU (147.32, 71.12). Connecting pin to net "FB_AD5".
#36 WARNING(ORCAP-36038): "No_connect" property on Pin "U1.88" ignored for U1: MAIN, 03 MCU (147.32, 71.12). Connecting pin to net "FB_AD6".
#37 WARNING(ORCAP-36038): "No_connect" property on Pin "U1.87" ignored for U1: MAIN, 03 MCU (147.32, 71.12). Connecting pin to net "FB_AD7".
#38 WARNING(ORCAP-36038): "No_connect" property on Pin "U1.120" ignored for U1: MAIN, 03 MCU (147.32, 71.12). Connecting pin to net "FB_AD8".
#39 WARNING(ORCAP-36038): "No_connect" property on Pin "U1.123" ignored for U1: MAIN, 03 MCU (147.32, 71.12). Connecting pin to net "FB_BE_23_16".
#40 WARNING(ORCAP-36038): "No_connect" property on Pin "U1.119" ignored for U1: MAIN, 03 MCU (147.32, 71.12). Connecting pin to net "FB_AD9".
#41 WARNING(ORCAP-36038): "No_connect" property on Pin "U1.118" ignored for U1: MAIN, 03 MCU (147.32, 71.12). Connecting pin to net "FB_AD10".
#42 WARNING(ORCAP-36038): "No_connect" property on Pin "U1.117" ignored for U1: MAIN, 03 MCU (147.32, 71.12). Connecting pin to net "FB_AD11".
#43 WARNING(ORCAP-36038): "No_connect" property on Pin "U1.102" ignored for U1: MAIN, 03 MCU (147.32, 71.12). Connecting pin to net "FB_AD12".
#44 WARNING(ORCAP-36038): "No_connect" property on Pin "U1.101" ignored for U1: MAIN, 03 MCU (147.32, 71.12). Connecting pin to net "FB_AD13".
#45 WARNING(ORCAP-36038): "No_connect" property on Pin "U1.100" ignored for U1: MAIN, 03 MCU (147.32, 71.12). Connecting pin to net "FB_AD14".
#46 WARNING(ORCAP-36038): "No_connect" property on Pin "U1.99" ignored for U1: MAIN, 03 MCU (147.32, 71.12). Connecting pin to net "FB_AD15".
#47 WARNING(ORCAP-36038): "No_connect" property on Pin "U1.11" ignored for U1: MAIN, 03 MCU (147.32, 71.12). Connecting pin to net "UART5_TX".
#48 WARNING(ORCAP-36038): "No_connect" property on Pin "U1.12" ignored for U1: MAIN, 03 MCU (147.32, 71.12). Connecting pin to net "UART5_RX".
#49 WARNING(ORCAP-36038): "No_connect" property on Pin "U1.98" ignored for U1: MAIN, 03 MCU (147.32, 71.12). Connecting pin to net "FB_OE_B".
#50 WARNING(ORCAP-36038): "No_connect" property on Pin "U1.105" ignored for U1: MAIN, 03 MCU (147.32, 71.12). Connecting pin to net "UART1_RD#".
#51 WARNING(ORCAP-36038): "No_connect" property on Pin "U1.59" ignored for U1: MAIN, 03 MCU (147.32, 71.12). Connecting pin to net "CTL_LED".
#52 WARNING(ORCAP-36038): "No_connect" property on Pin "U1.106" ignored for U1: MAIN, 03 MCU (147.32, 71.12). Connecting pin to net "UART1_RX".
#53 WARNING(ORCAP-36038): "No_connect" property on Pin "U1.55" ignored for U1: MAIN, 03 MCU (147.32, 71.12). Connecting pin to net "RMII0_RXER".
#54 WARNING(ORCAP-36038): "No_connect" property on Pin "Q3.1" ignored for Q3: MAIN, 07 DCDC POWER (317.50, 30.48). Connecting pin to net "N17209454".
#55 WARNING(ORCAP-36038): "No_connect" property on Pin "U2.7" ignored for U2: MAIN, 03 MCU (43.18, 266.70). Connecting pin to net "CLK_50M_PHY".
#56 WARNING(ORCAP-36038): "No_connect" property on Pin "Q16.1" ignored for Q16: MAIN, 06 BAT CHARGE (304.80, 195.58). Connecting pin to net "VCC_VBAT".
#57 WARNING(ORCAP-36006): Part Name "CON20_0_HEADER10X2_2R54_L_HEADER10X2_2R54" is renamed to "CON20_0_HEADER10X2_2R54_L_HEADE".
#58 WARNING(ORCAP-36006): Part Name "FPC-40P-0R5-D_FPC-40P-0R5-D_FPC-40P-0R5-D" is renamed to "FPC-40P-0R5-D_FPC-40P-0R5-D_FPC".
#59 WARNING(ORCAP-36006): Part Name "IND_BEAD_0805_600OHM_1_SMMS1040_SMMS1040-1R5M" is renamed to "IND_BEAD_0805_600OHM_1_SMMS1040".
#60 WARNING(ORCAP-36006): Part Name "IND_BEAD_0805_600OHM_200MA_LC0805_BLM21PG600" is renamed to "IND_BEAD_0805_600OHM_200MA_LC08".
#61 WARNING(ORCAP-36006): Part Name "IND_BEAD_0805_600OHM_200MA_LC0805_BEAD_BLM21PG600" is renamed to "IND_BEAD_0805_600OHM_200MA_LC_1".
#62 WARNING(ORCAP-36006): Part Name "SI4497DY-T1-GE3_SOIC8_IRF9321TRPBF" is renamed to "SI4497DY-T1-GE3_SOIC8_IRF9321TR".
#63 WARNING(ORCAP-36006): Part Name "SWITCH-SPST-4P_K2-1112SW-A4SW-04_K2-1112SW-A4SW-04" is renamed to "SWITCH-SPST-4P_K2-1112SW-A4SW-0".
#64 WARNING(ORCAP-36006): Part Name "74AHC1G08_1_SOT23-5_INA193AIDBVT" is renamed to "74AHC1G08_1_SOT23-5_INA193AIDBV".
#65 WARNING(ORCAP-36006): Part Name "E32-TTL-100S1_E32-TTL-100S1_E32-TTL-100S1/NI" is renamed to "E32-TTL-100S1_E32-TTL-100S1_E32".
#66 WARNING(ORCAP-36006): Part Name "TPS61088RHLR_VQFN-20_TPS61088RHLR" is renamed to "TPS61088RHLR_VQFN-20_TPS61088RH".
#67 WARNING(ORCAP-36006): Part Name "MP2359DJ-LF-Z_TSOT23-6_MP2359DJ-LF-Z" is renamed to "MP2359DJ-LF-Z_TSOT23-6_MP2359DJ".
#68 WARNING(ORCAP-36006): Part Name "TYPE-C_16P_USB_TYPE-C_16P_USB_TYPE-C_16P" is renamed to "TYPE-C_16P_USB_TYPE-C_16P_USB_T".
#69 WARNING(ORCAP-36006): Part Name "SMD_OSC_3_X-4P-5R0X3R2-SMD_SG5032CAN-50M-TJGA" is renamed to "SMD_OSC_3_X-4P-5R0X3R2-SMD_SG50".
INFO(ORCAP-36080): Scanning netlist files ...

Loading... G:\SVN\hard_group\手持调试设备\trunk\HY_TSSB_ZB_V10A\SCH\ALLEGRO/pstchip.dat

Loading... G:\SVN\hard_group\手持调试设备\trunk\HY_TSSB_ZB_V10A\SCH\ALLEGRO/pstchip.dat

Loading... G:\SVN\hard_group\手持调试设备\trunk\HY_TSSB_ZB_V10A\SCH\ALLEGRO/pstxprt.dat

Loading... G:\SVN\hard_group\手持调试设备\trunk\HY_TSSB_ZB_V10A\SCH\ALLEGRO/pstxnet.dat
packaging the design view...